<?xml version="1.0" encoding="UTF-8"?>
<testsuites name="jest tests" tests="2" failures="1" errors="0" time="0.789">
  <testsuite name="Button component" errors="0" failures="1" skipped="0" timestamp="2025-05-13T04:14:06" time="0.431" tests="1">
    <testcase classname="Button component renders correctly" name="Button component renders correctly" time="0.015">
      <failure>TestingLibraryElementError: Unable to find an element with the text: Click me!. This could be because the text is broken up by multiple elements. In this case, you can provide a function for your text matcher to make your matcher more flexible.

Ignored nodes: comments, script, style
&lt;body&gt;
  &lt;div&gt;
    &lt;button
      class=&quot;y test&quot;
    &gt;
      Click me
    &lt;/button&gt;
  &lt;/div&gt;
&lt;/body&gt;
    at Object.getElementError (/Users/abelmejia/projects/react/react-vite-CI-CD/node_modules/@testing-library/dom/dist/config.js:37:19)
    at /Users/abelmejia/projects/react/react-vite-CI-CD/node_modules/@testing-library/dom/dist/query-helpers.js:76:38
    at /Users/abelmejia/projects/react/react-vite-CI-CD/node_modules/@testing-library/dom/dist/query-helpers.js:52:17
    at /Users/abelmejia/projects/react/react-vite-CI-CD/node_modules/@testing-library/dom/dist/query-helpers.js:95:19
    at Object.getByText (/Users/abelmejia/projects/react/react-vite-CI-CD/src/components/Button.test.jsx:7:19)
    at Promise.then.completed (/Users/abelmejia/projects/react/react-vite-CI-CD/node_modules/jest-circus/build/utils.js:298:28)
    at new Promise (&lt;anonymous&gt;)
    at callAsyncCircusFn (/Users/abelmejia/projects/react/react-vite-CI-CD/node_modules/jest-circus/build/utils.js:231:10)
    at _callCircusTest (/Users/abelmejia/projects/react/react-vite-CI-CD/node_modules/jest-circus/build/run.js:316:40)
    at _runTest (/Users/abelmejia/projects/react/react-vite-CI-CD/node_modules/jest-circus/build/run.js:252:3)
    at _runTestsForDescribeBlock (/Users/abelmejia/projects/react/react-vite-CI-CD/node_modules/jest-circus/build/run.js:126:9)
    at _runTestsForDescribeBlock (/Users/abelmejia/projects/react/react-vite-CI-CD/node_modules/jest-circus/build/run.js:121:9)
    at run (/Users/abelmejia/projects/react/react-vite-CI-CD/node_modules/jest-circus/build/run.js:71:3)
    at runAndTransformResultsToJestFormat (/Users/abelmejia/projects/react/react-vite-CI-CD/node_modules/jest-circus/build/legacy-code-todo-rewrite/jestAdapterInit.js:122:21)
    at jestAdapter (/Users/abelmejia/projects/react/react-vite-CI-CD/node_modules/jest-circus/build/legacy-code-todo-rewrite/jestAdapter.js:79:19)
    at runTestInternal (/Users/abelmejia/projects/react/react-vite-CI-CD/node_modules/jest-runner/build/runTest.js:367:16)
    at runTest (/Users/abelmejia/projects/react/react-vite-CI-CD/node_modules/jest-runner/build/runTest.js:444:34)</failure>
    </testcase>
  </testsuite>
  <testsuite name="undefined" errors="0" failures="0" skipped="0" timestamp="2025-05-13T04:14:06" time="0.045" tests="1">
    <testcase classname=" renderiza correctamente" name=" renderiza correctamente" time="0.007">
    </testcase>
  </testsuite>
</testsuites>