<?xml version="1.0" encoding="UTF-8"?>
<testsuites name="jest tests" tests="6" failures="0" errors="0" time="0.837">
  <testsuite name="undefined" errors="0" failures="0" skipped="0" timestamp="2025-05-15T00:27:27" time="0.407" tests="1">
    <testcase classname=" renderiza correctamente" name=" renderiza correctamente" time="0.021">
    </testcase>
  </testsuite>
  <testsuite name="Button component" errors="0" failures="0" skipped="0" timestamp="2025-05-15T00:27:28" time="0.04" tests="1">
    <testcase classname="Button component renders correctly" name="Button component renders correctly" time="0.002">
    </testcase>
  </testsuite>
  <testsuite name="Button component" errors="0" failures="0" skipped="0" timestamp="2025-05-15T00:27:28" time="0.036" tests="1">
    <testcase classname="Button component renders correctly" name="Button component renders correctly" time="0.002">
    </testcase>
  </testsuite>
  <testsuite name="Icon Component" errors="0" failures="0" skipped="0" timestamp="2025-05-15T00:27:28" time="0.068" tests="3">
    <testcase classname="Icon Component renders the success icon" name="Icon Component renders the success icon" time="0.003">
    </testcase>
    <testcase classname="Icon Component renders the error icon" name="Icon Component renders the error icon" time="0.001">
    </testcase>
    <testcase classname="Icon Component renders nothing for an unknown type" name="Icon Component renders nothing for an unknown type" time="0">
    </testcase>
  </testsuite>
</testsuites>