<?xml version="1.0" encoding="UTF-8"?>
<testsuites name="jest tests" tests="3" failures="0" errors="0" time="1.131">
  <testsuite name="Button component" errors="0" failures="0" skipped="0" timestamp="2025-05-13T04:38:05" time="0.603" tests="1">
    <testcase classname="Button component renders correctly" name="Button component renders correctly" time="0.022">
    </testcase>
  </testsuite>
  <testsuite name="Button component" errors="0" failures="0" skipped="0" timestamp="2025-05-13T04:38:06" time="0.084" tests="1">
    <testcase classname="Button component renders correctly" name="Button component renders correctly" time="0.005">
    </testcase>
  </testsuite>
  <testsuite name="undefined" errors="0" failures="0" skipped="0" timestamp="2025-05-13T04:38:06" time="0.075" tests="1">
    <testcase classname=" renderiza correctamente" name=" renderiza correctamente" time="0.009">
    </testcase>
  </testsuite>
</testsuites>