<?xml version="1.0" encoding="UTF-8"?>
<testsuites name="jest tests" tests="3" failures="0" errors="0" time="0.938">
  <testsuite name="Button component" errors="0" failures="0" skipped="0" timestamp="2025-05-13T05:21:19" time="0.453" tests="1">
    <testcase classname="Button component renders correctly" name="Button component renders correctly" time="0.014">
    </testcase>
  </testsuite>
  <testsuite name="Button component" errors="0" failures="0" skipped="0" timestamp="2025-05-13T05:21:20" time="0.043" tests="1">
    <testcase classname="Button component renders correctly" name="Button component renders correctly" time="0.005">
    </testcase>
  </testsuite>
  <testsuite name="undefined" errors="0" failures="0" skipped="0" timestamp="2025-05-13T05:21:20" time="0.103" tests="1">
    <testcase classname=" renderiza correctamente" name=" renderiza correctamente" time="0.007">
    </testcase>
  </testsuite>
</testsuites>